<?xml version="1.0" encoding="UTF-8"?>
<!-- Generated by org.testng.reporters.JUnitReportReporter -->
<testsuite hostname="Azu" failures="0" tests="3" name="api.test.DDTTest" time="1.673" errors="0" timestamp="2023-05-03T17:44:58 EDT" skipped="0">
  <testcase classname="api.test.DDTTest" name="testPostUser" time="1.535"/>
  <system-out/>
  <testcase classname="api.test.DDTTest" name="testPostUser" time="0.075"/>
  <system-out/>
  <testcase classname="api.test.DDTTest" name="testPostUser" time="0.063"/>
  <system-out/>
</testsuite> <!-- api.test.DDTTest -->
