<?xml version="1.0" encoding="UTF-8"?>
<!-- Generated by org.testng.reporters.JUnitReportReporter -->
<testsuite hostname="Azu" failures="0" tests="4" name="api.test.UserTest" time="2.161" errors="0" timestamp="2023-05-03T18:09:29 EDT" skipped="0">
  <testcase classname="api.test.UserTest" name="testPostUser" time="1.783"/>
  <system-out/>
  <testcase classname="api.test.UserTest" name="testGetUserByName" time="0.107"/>
  <system-out/>
  <testcase classname="api.test.UserTest" name="testUpdateUser" time="0.192"/>
  <system-out/>
  <testcase classname="api.test.UserTest" name="testDeleteUser" time="0.079"/>
  <system-out/>
</testsuite> <!-- api.test.UserTest -->
