<?xml version="1.0" encoding="UTF-8"?>
<!-- Generated by org.testng.reporters.JUnitReportReporter -->
<testsuite skipped="0" hostname="Azu" name="api.test.DDTTest" tests="6" failures="0" timestamp="2023-05-03T18:15:53 EDT" time="5.833" errors="0">
  <testcase name="testPostUser" time="1.843" classname="api.test.DDTTest"/>
  <system-out/>
  <testcase name="testPostUser" time="3.672" classname="api.test.DDTTest"/>
  <system-out/>
  <testcase name="testPostUser" time="0.095" classname="api.test.DDTTest"/>
  <system-out/>
  <testcase name="testDeleteUser" time="0.103" classname="api.test.DDTTest"/>
  <system-out/>
  <testcase name="testDeleteUser" time="0.063" classname="api.test.DDTTest"/>
  <system-out/>
  <testcase name="testDeleteUser" time="0.057" classname="api.test.DDTTest"/>
  <system-out/>
</testsuite> <!-- api.test.DDTTest -->
