<?xml version="1.0" encoding="UTF-8"?>
<!-- Generated by org.testng.reporters.JUnitReportReporter -->
<testsuite skipped="0" hostname="Azu" name="api.test.UserTest" tests="4" failures="0" timestamp="2023-05-03T18:15:53 EDT" time="0.574" errors="0">
  <testcase name="testPostUser" time="0.254" classname="api.test.UserTest"/>
  <system-out/>
  <testcase name="testGetUserByName" time="0.093" classname="api.test.UserTest"/>
  <system-out/>
  <testcase name="testUpdateUser" time="0.153" classname="api.test.UserTest"/>
  <system-out/>
  <testcase name="testDeleteUser" time="0.074" classname="api.test.UserTest"/>
  <system-out/>
</testsuite> <!-- api.test.UserTest -->
